<?xml version="1.0" encoding="UTF-8"?>
<!-- Generated by org.testng.reporters.JUnitXMLReporter -->
<testsuite hostname="Sony" ignored="2" name="DeleteCustomerAPITest" tests="1" failures="0" timestamp="15 Oct 2021 13:52:34 GMT" time="21.003" errors="0">
  <testcase name="validateDeleteCustomerAPIWithValidCustomerID" time="19.949" classname="testCases.DeleteCustomerTest"/>
  <testcase name="@BeforeSuite setUp" time="0.0" classname="setUp.BaseTest">
    <ignored/>
  </testcase> <!-- @BeforeSuite setUp -->
  <testcase name="@AfterSuite tearDown" time="0.0" classname="setUp.BaseTest">
    <ignored/>
  </testcase> <!-- @AfterSuite tearDown -->
</testsuite> <!-- DeleteCustomerAPITest -->
