<?xml version="1.0" encoding="UTF-8"?>
<testsuite xmlns:xsi="http://www.w3.org/2001/XMLSchema-instance" xsi:noNamespaceSchemaLocation="https://maven.apache.org/surefire/maven-surefire-plugin/xsd/surefire-test-report-3.0.xsd" version="3.0" name="TestSuite" time="43.979" tests="5" errors="0" skipped="0" failures="1">
  <properties>
[...]
</properties>
  <testcase name="validateDeleteCustomerAPIWithValidCustomerID[{id=cus_KPMuSUovcOjg6T}](1)" classname="testCases.DeleteCustomerTest" time="19.984">
    <system-out><![CDATA[Total Rows : 13
Test Name is : validateCreateCustomerAPIWithInvalidSecretKey
Total Rows : 13
Test Name is : validateDeleteCustomerAPIWithValidCustomerID
Test Case starts from Row Number : 7
Total Data Rows in Test Case : 1
Test Case starts from Row Number : 11
Total Data Columns in Test Case : 3
Total Data Rows in Test Case : 1
Total Data Columns in Test Case : 1
{
    "id": "cus_KPMuSUovcOjg6T",
    "object": "customer",
    "deleted": true
}
{
    "error": {
        "message": "Invalid API Key provided: sk_test_1Jh",
        "type": "invalid_request_error"
    }
}
200
401
Presence check for Object key in response : true
Presence check for Deleted key in response : true
Object key value in response : customer
deleted key value in response : true
]]></system-out>
    <system-err><![CDATA[SLF4J: Failed to load class "org.slf4j.impl.StaticLoggerBinder".
SLF4J: Defaulting to no-operation (NOP) logger implementation
SLF4J: See http://www.slf4j.org/codes.html#StaticLoggerBinder for further details.
]]></system-err>
  </testcase>
  <testcase name="validateCreateCustomerAPIWithInvalidSecretKey[{email=kiran.arora@gmail.com, name=Kiran Arora, description=this is a 2nd user from Excel Data driven}](1)" classname="testCases.CreateCustomerTest" time="20.029">
    <failure message="expected [200] but found [401]" type="java.lang.AssertionError"><![CDATA[java.lang.AssertionError: expected [200] but found [401]
	at testCases.CreateCustomerTest.validateCreateCustomerAPIWithInvalidSecretKey(CreateCustomerTest.java:62)
]]></failure>
  </testcase>
  <testcase name="validateCreateCustomerAPIWithValidSecretKey[{email=Parveen.Kumar@gmail.com, name=Parveen Kumar, description=This is new user with create and delete command together}](1)" classname="testCases.CreateCustomerTest" time="1.423">
    <system-out><![CDATA[Total Rows : 13
Test Name is : validateCreateCustomerAPIWithValidSecretKey
Test Case starts from Row Number : 1
Total Data Rows in Test Case : 3
Total Data Columns in Test Case : 3
{
    "id": "cus_KPg8mcTOmJreyh",
    "object": "customer",
    "address": null,
    "balance": 0,
    "created": 1634305753,
    "currency": null,
    "default_source": null,
    "delinquent": false,
    "description": "This is new user with create and delete command together",
    "discount": null,
    "email": "Parveen.Kumar@gmail.com",
    "invoice_prefix": "19440A0E",
    "invoice_settings": {
        "custom_fields": null,
        "default_payment_method": null,
        "footer": null
    },
    "livemode": false,
    "metadata": {
        
    },
    "name": "Parveen Kumar",
    "next_invoice_sequence": 1,
    "phone": null,
    "preferred_locales": [
        
    ],
    "shipping": null,
    "tax_exempt": "none"
}
200
]]></system-out>
  </testcase>
  <testcase name="validateCreateCustomerAPIWithValidSecretKey[{email=kiran.arora@gmail.com, name=Kiran Arora, description=This is new user with create and delete command together}](2)" classname="testCases.CreateCustomerTest" time="1.431">
    <system-out><![CDATA[{
    "id": "cus_KPg8vduROpIphp",
    "object": "customer",
    "address": null,
    "balance": 0,
    "created": 1634305753,
    "currency": null,
    "default_source": null,
    "delinquent": false,
    "description": "This is new user with create and delete command together",
    "discount": null,
    "email": "kiran.arora@gmail.com",
    "invoice_prefix": "7E255B68",
    "invoice_settings": {
        "custom_fields": null,
        "default_payment_method": null,
        "footer": null
    },
    "livemode": false,
    "metadata": {
        
    },
    "name": "Kiran Arora",
    "next_invoice_sequence": 1,
    "phone": null,
    "preferred_locales": [
        
    ],
    "shipping": null,
    "tax_exempt": "none"
}
200
]]></system-out>
  </testcase>
  <testcase name="validateCreateCustomerAPIWithValidSecretKey[{email=prof.amit.arora@gmail.com, name=Amit Arora, description=This is new user with create and delete command together}](3)" classname="testCases.CreateCustomerTest" time="1.463">
    <system-out><![CDATA[{
    "id": "cus_KPg82hmMUoLftD",
    "object": "customer",
    "address": null,
    "balance": 0,
    "created": 1634305753,
    "currency": null,
    "default_source": null,
    "delinquent": false,
    "description": "This is new user with create and delete command together",
    "discount": null,
    "email": "prof.amit.arora@gmail.com",
    "invoice_prefix": "532548D0",
    "invoice_settings": {
        "custom_fields": null,
        "default_payment_method": null,
        "footer": null
    },
    "livemode": false,
    "metadata": {
        
    },
    "name": "Amit Arora",
    "next_invoice_sequence": 1,
    "phone": null,
    "preferred_locales": [
        
    ],
    "shipping": null,
    "tax_exempt": "none"
}
200
]]></system-out>
  </testcase>
</testsuite>